TN:
SF:C:\Users\abetancur\Documents\pruebas\Rxjs\pruebas\pruebas\src\polyfills.ts
FNF:0
FNH:0
LF:0
LH:0
BRF:0
BRH:0
end_of_record
TN:
SF:C:\Users\abetancur\Documents\pruebas\Rxjs\pruebas\pruebas\src\test.ts
FNF:0
FNH:0
DA:13,1
DA:18,1
DA:20,1
LF:3
LH:3
BRF:0
BRH:0
end_of_record
TN:
SF:C:\Users\abetancur\Documents\pruebas\Rxjs\pruebas\pruebas\src\app\app.component.ts
FN:8,(anonymous_0)
FNF:1
FNH:1
FNDA:1,(anonymous_0)
DA:8,1
DA:9,1
LF:2
LH:2
BRF:0
BRH:0
end_of_record
TN:
SF:C:\Users\abetancur\Documents\pruebas\Rxjs\pruebas\pruebas\src\app\autoriza\autorizacion\actions\autorizacion.actions.ts
FN:5,(anonymous_0)
FN:7,CargarAutorizacion
FN:10,(anonymous_2)
FN:12,CargarDataAutorizacion
FNF:4
FNH:4
FNDA:1,(anonymous_0)
FNDA:2,CargarAutorizacion
FNDA:1,(anonymous_2)
FNDA:2,CargarDataAutorizacion
DA:2,1
DA:3,1
DA:5,1
DA:6,2
DA:7,2
DA:8,1
DA:10,1
DA:11,2
DA:12,2
DA:13,1
LF:10
LH:10
BRF:0
BRH:0
end_of_record
TN:
SF:C:\Users\abetancur\Documents\pruebas\Rxjs\pruebas\pruebas\src\app\autoriza\autorizacion\reducers\autorizacion.reducers.ts
FN:17,autorizacionReducer
FNF:1
FNH:1
FNDA:3,autorizacionReducer
DA:11,1
DA:17,3
DA:18,3
DA:21,1
DA:26,1
DA:32,1
LF:6
LH:6
BRDA:17,0,0,0
BRDA:17,0,1,3
BRDA:20,1,0,1
BRDA:20,1,1,1
BRDA:20,1,2,1
BRF:5
BRH:4
end_of_record
TN:
SF:C:\Users\abetancur\Documents\pruebas\Rxjs\pruebas\pruebas\src\app\intermedio\eventEmitter\jugador2.ts
FN:4,(anonymous_0)
FN:8,Jugador2
FN:12,(anonymous_2)
FNF:3
FNH:3
FNDA:1,(anonymous_0)
FNDA:2,Jugador2
FNDA:2,(anonymous_2)
DA:4,1
DA:7,2
DA:9,2
DA:12,1
DA:13,2
DA:14,1
DA:16,1
DA:18,2
DA:20,1
LF:9
LH:9
BRDA:13,0,0,1
BRDA:13,0,1,1
BRF:2
BRH:2
end_of_record
TN:
SF:C:\Users\abetancur\Documents\pruebas\Rxjs\pruebas\pruebas\src\app\intermedio\formularios\formulario.ts
FN:3,(anonymous_0)
FN:6,FormularioRegister
FNF:2
FNH:2
FNDA:1,(anonymous_0)
FNDA:3,FormularioRegister
DA:3,1
DA:7,3
DA:12,1
LF:3
LH:3
BRF:0
BRH:0
end_of_record
TN:
SF:C:\Users\abetancur\Documents\pruebas\Rxjs\pruebas\pruebas\src\app\intermedio2\medico\medico.component.ts
FN:9,(anonymous_0)
FN:11,MedicoComponent
FN:13,(anonymous_2)
FN:16,(anonymous_3)
FN:20,(anonymous_4)
FN:21,(anonymous_5)
FNF:6
FNH:4
FNDA:1,(anonymous_0)
FNDA:2,MedicoComponent
FNDA:2,(anonymous_2)
FNDA:1,(anonymous_3)
FNDA:0,(anonymous_4)
FNDA:0,(anonymous_5)
DA:9,1
DA:11,2
DA:12,2
DA:13,1
DA:16,1
DA:17,1
DA:20,1
DA:21,0
DA:22,0
DA:26,1
LF:10
LH:8
BRF:0
BRH:0
end_of_record
TN:
SF:C:\Users\abetancur\Documents\pruebas\Rxjs\pruebas\pruebas\src\app\intermedio2\medico\medico.service.ts
FN:8,(anonymous_0)
FN:10,MedicoService
FN:12,(anonymous_2)
FNF:3
FNH:1
FNDA:1,(anonymous_0)
FNDA:0,MedicoService
FNDA:0,(anonymous_2)
DA:8,1
DA:10,0
DA:12,1
DA:13,0
DA:15,1
LF:5
LH:3
BRF:0
BRH:0
end_of_record
TN:
SF:C:\Users\abetancur\Documents\pruebas\Rxjs\pruebas\pruebas\src\app\medico\medico.service.ts
FN:7,(anonymous_0)
FN:9,MedicoService
FN:11,(anonymous_2)
FN:12,(anonymous_3)
FN:15,(anonymous_4)
FN:17,(anonymous_5)
FN:21,(anonymous_6)
FN:23,(anonymous_7)
FNF:8
FNH:3
FNDA:1,(anonymous_0)
FNDA:6,MedicoService
FNDA:1,(anonymous_2)
FNDA:0,(anonymous_3)
FNDA:0,(anonymous_4)
FNDA:0,(anonymous_5)
FNDA:0,(anonymous_6)
FNDA:0,(anonymous_7)
DA:7,1
DA:9,6
DA:11,1
DA:12,1
DA:15,1
DA:16,0
DA:17,0
DA:21,1
DA:22,0
DA:23,0
DA:26,1
LF:11
LH:7
BRF:0
BRH:0
end_of_record
TN:
SF:C:\Users\abetancur\Documents\pruebas\Rxjs\pruebas\pruebas\src\app\medico\medio.component.ts
FN:9,(anonymous_0)
FN:14,MedioComponent
FN:16,(anonymous_2)
FN:17,(anonymous_3)
FN:20,(anonymous_4)
FN:24,(anonymous_5)
FN:25,(anonymous_6)
FN:29,(anonymous_7)
FNF:8
FNH:8
FNDA:1,(anonymous_0)
FNDA:5,MedioComponent
FNDA:1,(anonymous_2)
FNDA:1,(anonymous_3)
FNDA:2,(anonymous_4)
FNDA:1,(anonymous_5)
FNDA:1,(anonymous_6)
FNDA:2,(anonymous_7)
DA:9,1
DA:11,5
DA:14,5
DA:16,1
DA:17,1
DA:20,2
DA:21,2
DA:23,2
DA:24,1
DA:25,1
DA:29,1
DA:30,2
DA:31,2
DA:32,1
DA:36,1
LF:15
LH:15
BRDA:31,0,0,1
BRDA:31,0,1,1
BRF:2
BRH:2
end_of_record
TN:
SF:C:\Users\abetancur\Documents\pruebas\Rxjs\pruebas\pruebas\src\app\pruebas\arreglos\arreglos.ts
FN:1,obtenerRobots
FNF:1
FNH:1
FNDA:2,obtenerRobots
DA:2,2
LF:1
LH:1
BRF:0
BRH:0
end_of_record
TN:
SF:C:\Users\abetancur\Documents\pruebas\Rxjs\pruebas\pruebas\src\app\pruebas\booleanos\booleanos.ts
FN:1,usuariosIngresado
FNF:1
FNH:1
FNDA:1,usuariosIngresado
DA:2,1
LF:1
LH:1
BRF:0
BRH:0
end_of_record
TN:
SF:C:\Users\abetancur\Documents\pruebas\Rxjs\pruebas\pruebas\src\app\pruebas\clases\clases.ts
FN:1,(anonymous_0)
FN:4,Jugador
FN:8,(anonymous_2)
FNF:3
FNH:3
FNDA:1,(anonymous_0)
FNDA:4,Jugador
FNDA:3,(anonymous_2)
DA:1,1
DA:5,4
DA:8,1
DA:9,3
DA:10,1
DA:12,2
DA:15,1
LF:7
LH:7
BRDA:9,0,0,1
BRDA:9,0,1,2
BRF:2
BRH:2
end_of_record
TN:
SF:C:\Users\abetancur\Documents\pruebas\Rxjs\pruebas\pruebas\src\app\pruebas\numeros\numeros.ts
FN:1,incremetar
FNF:1
FNH:1
FNDA:4,incremetar
DA:2,4
DA:3,2
DA:6,2
LF:3
LH:3
BRDA:2,0,0,2
BRDA:2,0,1,2
BRF:2
BRH:2
end_of_record
TN:
SF:C:\Users\abetancur\Documents\pruebas\Rxjs\pruebas\pruebas\src\app\pruebas\string\string.ts
FN:1,mensaje
FNF:1
FNH:1
FNDA:2,mensaje
DA:2,2
LF:1
LH:1
BRF:0
BRH:0
end_of_record
TN:
SF:C:\Users\abetancur\Documents\pruebas\Rxjs\pruebas\pruebas\src\app\services\prueba.service.ts
FN:6,(anonymous_0)
FN:8,PruebaService
FNF:2
FNH:2
FNDA:1,(anonymous_0)
FNDA:1,PruebaService
DA:6,1
DA:9,1
LF:2
LH:2
BRF:0
BRH:0
end_of_record
